<?xml version="1.0" encoding="UTF-8"?>
<testng-results ignored="0" total="2" passed="2" failed="0" skipped="0">
  <reporter-output>
  </reporter-output>
  <suite started-at="2023-08-25T13:10:43 IST" name="NegativeLogInTestsSuite" finished-at="2023-08-25T13:11:12 IST" duration-ms="29662">
    <groups>
      <group name="smokeTests">
        <method signature="NegativeLoginTests.negativeLoginTest(java.lang.String,java.lang.String,java.lang.String)[pri:2, instance:com.herokuapp.theinternet.loginpagetests.NegativeLoginTests@49e53c76]" name="negativeLoginTest" class="com.herokuapp.theinternet.loginpagetests.NegativeLoginTests"/>
        <method signature="NegativeLoginTests.negativeLoginTest(java.lang.String,java.lang.String,java.lang.String)[pri:2, instance:com.herokuapp.theinternet.loginpagetests.NegativeLoginTests@7e6f74c]" name="negativeLoginTest" class="com.herokuapp.theinternet.loginpagetests.NegativeLoginTests"/>
      </group> <!-- smokeTests -->
      <group name="negativeTests">
        <method signature="NegativeLoginTests.negativeLoginTest(java.lang.String,java.lang.String,java.lang.String)[pri:2, instance:com.herokuapp.theinternet.loginpagetests.NegativeLoginTests@49e53c76]" name="negativeLoginTest" class="com.herokuapp.theinternet.loginpagetests.NegativeLoginTests"/>
        <method signature="NegativeLoginTests.negativeLoginTest(java.lang.String,java.lang.String,java.lang.String)[pri:2, instance:com.herokuapp.theinternet.loginpagetests.NegativeLoginTests@7e6f74c]" name="negativeLoginTest" class="com.herokuapp.theinternet.loginpagetests.NegativeLoginTests"/>
      </group> <!-- negativeTests -->
    </groups>
    <test started-at="2023-08-25T13:10:43 IST" name="NegativePasswordTests" finished-at="2023-08-25T13:11:12 IST" duration-ms="29643">
      <class name="com.herokuapp.theinternet.loginpagetests.NegativeLoginTests">
        <test-method is-config="true" signature="setUp(java.lang.String,org.testng.ITestContext)[pri:0, instance:com.herokuapp.theinternet.loginpagetests.NegativeLoginTests@7e6f74c]" started-at="2023-08-25T13:10:43 IST" name="setUp" finished-at="2023-08-25T13:11:03 IST" duration-ms="20364" status="PASS">
          <params>
            <param index="0">
              <value>
                <![CDATA[chrome]]>
              </value>
            </param>
            <param index="1">
              <value>
                <![CDATA[org.testng.TestRunner@6db9f5a4]]>
              </value>
            </param>
          </params>
          <reporter-output>
          </reporter-output>
        </test-method> <!-- setUp -->
        <test-method signature="negativeLoginTest(java.lang.String,java.lang.String,java.lang.String)[pri:2, instance:com.herokuapp.theinternet.loginpagetests.NegativeLoginTests@7e6f74c]" started-at="2023-08-25T13:11:03 IST" name="negativeLoginTest" finished-at="2023-08-25T13:11:12 IST" duration-ms="8589" status="PASS">
          <params>
            <param index="0">
              <value>
                <![CDATA[tomsmith]]>
              </value>
            </param>
            <param index="1">
              <value>
                <![CDATA[incorrect]]>
              </value>
            </param>
            <param index="2">
              <value>
                <![CDATA[Your password is invalid!]]>
              </value>
            </param>
          </params>
          <reporter-output>
          </reporter-output>
        </test-method> <!-- negativeLoginTest -->
        <test-method is-config="true" signature="tearDown()[pri:0, instance:com.herokuapp.theinternet.loginpagetests.NegativeLoginTests@7e6f74c]" started-at="2023-08-25T13:11:12 IST" name="tearDown" finished-at="2023-08-25T13:11:12 IST" duration-ms="570" status="PASS">
          <reporter-output>
          </reporter-output>
        </test-method> <!-- tearDown -->
      </class> <!-- com.herokuapp.theinternet.loginpagetests.NegativeLoginTests -->
    </test> <!-- NegativePasswordTests -->
    <test started-at="2023-08-25T13:10:43 IST" name="NegativeUsernameTests" finished-at="2023-08-25T13:11:12 IST" duration-ms="29662">
      <class name="com.herokuapp.theinternet.loginpagetests.NegativeLoginTests">
        <test-method is-config="true" signature="setUp(java.lang.String,org.testng.ITestContext)[pri:0, instance:com.herokuapp.theinternet.loginpagetests.NegativeLoginTests@49e53c76]" started-at="2023-08-25T13:10:43 IST" name="setUp" finished-at="2023-08-25T13:11:03 IST" duration-ms="20409" status="PASS">
          <params>
            <param index="0">
              <value>
                <![CDATA[chrome]]>
              </value>
            </param>
            <param index="1">
              <value>
                <![CDATA[org.testng.TestRunner@117e949d]]>
              </value>
            </param>
          </params>
          <reporter-output>
          </reporter-output>
        </test-method> <!-- setUp -->
        <test-method signature="negativeLoginTest(java.lang.String,java.lang.String,java.lang.String)[pri:2, instance:com.herokuapp.theinternet.loginpagetests.NegativeLoginTests@49e53c76]" started-at="2023-08-25T13:11:03 IST" name="negativeLoginTest" finished-at="2023-08-25T13:11:12 IST" duration-ms="8849" status="PASS">
          <params>
            <param index="0">
              <value>
                <![CDATA[incorrect]]>
              </value>
            </param>
            <param index="1">
              <value>
                <![CDATA[SuperSecretPassword!]]>
              </value>
            </param>
            <param index="2">
              <value>
                <![CDATA[Your username is invalid!]]>
              </value>
            </param>
          </params>
          <reporter-output>
          </reporter-output>
        </test-method> <!-- negativeLoginTest -->
        <test-method is-config="true" signature="tearDown()[pri:0, instance:com.herokuapp.theinternet.loginpagetests.NegativeLoginTests@49e53c76]" started-at="2023-08-25T13:11:12 IST" name="tearDown" finished-at="2023-08-25T13:11:12 IST" duration-ms="325" status="PASS">
          <reporter-output>
          </reporter-output>
        </test-method> <!-- tearDown -->
      </class> <!-- com.herokuapp.theinternet.loginpagetests.NegativeLoginTests -->
    </test> <!-- NegativeUsernameTests -->
  </suite> <!-- NegativeLogInTestsSuite -->
</testng-results>
